Using pre-set license
Built from '2020.3/staging' branch; Version is '2020.3.0f1 (c7b5465681fb) revision 13088070'; Using compiler version '192528614'; Build Type 'Release'
OS: 'Windows 10 Education; OS build 19042.867; Version 2009; 64bit' Language: 'pl' Physical Memory: 8157 MB
BatchMode: 1, IsHumanControllingUs: 0, StartBugReporterOnCrash: 0, Is64bit: 1, IsPro: 0

 COMMAND LINE ARGUMENTS:
C:\Program Files\Unity\Hub\Editor\2020.3.0f1\Editor\Unity.exe
-adb2
-batchMode
-noUpm
-name
AssetImportWorker2
-projectPath
C:/Users/miszeleq/Desktop/UNITY/ICK_Chess
-logFile
Logs/AssetImportWorker2.log
-srvPort
50812
Successfully changed project path to: C:/Users/miszeleq/Desktop/UNITY/ICK_Chess
C:/Users/miszeleq/Desktop/UNITY/ICK_Chess
Using Asset Import Pipeline V2.
Refreshing native plugins compatible for Editor in 61.64 ms, found 0 plugins.
Preloading 0 native plugins for Editor in 0.00 ms.
Initialize engine version: 2020.3.0f1 (c7b5465681fb)
[Subsystems] Discovering subsystems at path C:/Program Files/Unity/Hub/Editor/2020.3.0f1/Editor/Data/Resources/UnitySubsystems
[Subsystems] Discovering subsystems at path C:/Users/miszeleq/Desktop/UNITY/ICK_Chess/Assets
GfxDevice: creating device client; threaded=0
Direct3D:
    Version:  Direct3D 11.0 [level 11.1]
    Renderer: NVIDIA GeForce GTX 1650 (ID=0x1f82)
    Vendor:   
    VRAM:     3962 MB
    Driver:   27.21.14.6109
Initialize mono
Mono path[0] = 'C:/Program Files/Unity/Hub/Editor/2020.3.0f1/Editor/Data/Managed'
Mono path[1] = 'C:/Program Files/Unity/Hub/Editor/2020.3.0f1/Editor/Data/MonoBleedingEdge/lib/mono/unityjit'
Mono config path = 'C:/Program Files/Unity/Hub/Editor/2020.3.0f1/Editor/Data/MonoBleedingEdge/etc'
Using monoOptions --debugger-agent=transport=dt_socket,embedding=1,server=y,suspend=n,address=127.0.0.1:56988
Begin MonoManager ReloadAssembly
Registering precompiled unity dll's ...
Register platform support module: C:/Program Files/Unity/Hub/Editor/2020.3.0f1/Editor/Data/PlaybackEngines/WindowsStandaloneSupport/UnityEditor.WindowsStandalone.Extensions.dll
Registered in 0.003246 seconds.
Native extension for WindowsStandalone target not found
Refreshing native plugins compatible for Editor in 57.07 ms, found 0 plugins.
Preloading 0 native plugins for Editor in 0.00 ms.
Invoked RoslynAnalysisRunner static constructor.
RoslynAnalysisRunner will not be running.
RoslynAnalysisRunner has terminated.
Mono: successfully reloaded assembly
- Completed reload, in  1.677 seconds
Platform modules already initialized, skipping
Registering precompiled user dll's ...
Registered in 0.001461 seconds.
Begin MonoManager ReloadAssembly
Native extension for WindowsStandalone target not found
Refreshing native plugins compatible for Editor in 85.33 ms, found 0 plugins.
Preloading 0 native plugins for Editor in 0.00 ms.
Invoked RoslynAnalysisRunner static constructor.
RoslynAnalysisRunner will not be running.
RoslynAnalysisRunner has terminated.
Mono: successfully reloaded assembly
- Completed reload, in  1.361 seconds
Platform modules already initialized, skipping
========================================================================
Worker process is ready to serve import requests
Shader 'Universal Render Pipeline/Particles/Lit': fallback shader 'Universal Render Pipeline/Particles/SimpleLit' not found
Shader 'Universal Render Pipeline/Particles/Lit': fallback shader 'Universal Render Pipeline/Particles/SimpleLit' not found
Launched and connected shader compiler UnityShaderCompiler.exe after 0.36 seconds
Refreshing native plugins compatible for Editor in 0.84 ms, found 0 plugins.
Preloading 0 native plugins for Editor in 0.00 ms.
Unloading 2417 Unused Serialized files (Serialized files now loaded: 0)
System memory in use before: 111.0 MB.
System memory in use after: 108.8 MB.

Unloading 45 unused Assets to reduce memory usage. Loaded Objects now: 2823.
Total: 3.982700 ms (FindLiveObjects: 0.408200 ms CreateObjectMapping: 0.190100 ms MarkObjects: 1.976400 ms  DeleteObjects: 1.406100 ms)

========================================================================
Received Import Request.
  path: Assets/Readme.asset
  artifactKey: Guid(83c2ed844a8c74b779a4c823d16594b1) Importer(815301076,1909f56bfc062723c751e8b465ee728b)
Start importing Assets/Readme.asset using Guid(83c2ed844a8c74b779a4c823d16594b1) Importer(815301076,1909f56bfc062723c751e8b465ee728b)  -> (artifact id: '565fba1a13f97c68b9c7f204361b9afd') in 0.489894 seconds
  Import took 0.546606 seconds .

========================================================================
Received Import Request.
  Time since last request: 192.247780 seconds.
  path: Assets/Presets/Defaults/AlbedoTexture_Default.preset
  artifactKey: Guid(e8537455c6c08bd4e8bf0be3707da685) Importer(815301076,1909f56bfc062723c751e8b465ee728b)
Start importing Assets/Presets/Defaults/AlbedoTexture_Default.preset using Guid(e8537455c6c08bd4e8bf0be3707da685) Importer(815301076,1909f56bfc062723c751e8b465ee728b)  -> (artifact id: 'a6e699e5cf98191361d1a94746b4b736') in 0.113998 seconds
  Import took 0.128781 seconds .

========================================================================
Received Import Request.
  Time since last request: 0.000297 seconds.
  path: Assets/Presets/Defaults/AudioDecompressOnLoad.preset
  artifactKey: Guid(e7689051185d12f4298e1ebb2693a29f) Importer(815301076,1909f56bfc062723c751e8b465ee728b)
Start importing Assets/Presets/Defaults/AudioDecompressOnLoad.preset using Guid(e7689051185d12f4298e1ebb2693a29f) Importer(815301076,1909f56bfc062723c751e8b465ee728b)  -> (artifact id: '236ecb79efdd8d318d0d46a9ccd821cb') in 0.041104 seconds
  Import took 0.065353 seconds .

========================================================================
Received Import Request.
  Time since last request: 0.000269 seconds.
  path: Assets/Presets/Defaults/DirectionalLight_Default.preset
  artifactKey: Guid(463065d4f17d1d94d848aa127b94dd43) Importer(815301076,1909f56bfc062723c751e8b465ee728b)
Start importing Assets/Presets/Defaults/DirectionalLight_Default.preset using Guid(463065d4f17d1d94d848aa127b94dd43) Importer(815301076,1909f56bfc062723c751e8b465ee728b)  -> (artifact id: 'af8410575413b837c25dfc246cae01a8') in 0.011754 seconds
  Import took 0.044726 seconds .

========================================================================
Received Import Request.
  Time since last request: 2.440243 seconds.
  path: Assets/Presets/AudioCompressedInMemory.preset
  artifactKey: Guid(2dd802e4d37c65149922028d3e973832) Importer(815301076,1909f56bfc062723c751e8b465ee728b)
Start importing Assets/Presets/AudioCompressedInMemory.preset using Guid(2dd802e4d37c65149922028d3e973832) Importer(815301076,1909f56bfc062723c751e8b465ee728b)  -> (artifact id: '95ec6fed0774f5e64b6ce4b31e16d570') in 0.023139 seconds
  Import took 0.028798 seconds .

========================================================================
Received Import Request.
  Time since last request: 0.000294 seconds.
  path: Assets/Presets/AudioStreaming.preset
  artifactKey: Guid(86bcce7f5575b54408aa0f3a7d321039) Importer(815301076,1909f56bfc062723c751e8b465ee728b)
Start importing Assets/Presets/AudioStreaming.preset using Guid(86bcce7f5575b54408aa0f3a7d321039) Importer(815301076,1909f56bfc062723c751e8b465ee728b)  -> (artifact id: 'c7444590a50b1c9fa488397906957b72') in 0.008623 seconds
  Import took 0.027497 seconds .

========================================================================
Received Import Request.
  Time since last request: 0.000275 seconds.
  path: Assets/Presets/NormalTexture.preset
  artifactKey: Guid(14a57cf3b9fa1c74b884aa7e0dcf1faa) Importer(815301076,1909f56bfc062723c751e8b465ee728b)
Start importing Assets/Presets/NormalTexture.preset using Guid(14a57cf3b9fa1c74b884aa7e0dcf1faa) Importer(815301076,1909f56bfc062723c751e8b465ee728b)  -> (artifact id: '6d0b0e3120363b139a592725545f3c58') in 0.015277 seconds
  Import took 0.033790 seconds .

========================================================================
Received Import Request.
  Time since last request: 0.000236 seconds.
  path: Assets/Presets/UtilityTexture.preset
  artifactKey: Guid(45f7b2e3c78185248b3adbb14429c2ab) Importer(815301076,1909f56bfc062723c751e8b465ee728b)
Start importing Assets/Presets/UtilityTexture.preset using Guid(45f7b2e3c78185248b3adbb14429c2ab) Importer(815301076,1909f56bfc062723c751e8b465ee728b)  -> (artifact id: 'fb53b29882482ae1fd7c30687a018437') in 0.014417 seconds
  Import took 0.020788 seconds .

========================================================================
Received Import Request.
  Time since last request: 9.632526 seconds.
  path: Assets/Scenes
  artifactKey: Guid(016c7e7ddf346104b98dc25e8296adc6) Importer(815301076,1909f56bfc062723c751e8b465ee728b)
Start importing Assets/Scenes using Guid(016c7e7ddf346104b98dc25e8296adc6) Importer(815301076,1909f56bfc062723c751e8b465ee728b)  -> (artifact id: '980c4cdda5908a35bee9d4b554b3734e') in 0.007373 seconds
  Import took 0.029432 seconds .

========================================================================
Received Import Request.
  Time since last request: 0.084975 seconds.
  path: Assets/Scenes
  artifactKey: Guid(016c7e7ddf346104b98dc25e8296adc6) Importer(815301076,1909f56bfc062723c751e8b465ee728b)
Start importing Assets/Scenes using Guid(016c7e7ddf346104b98dc25e8296adc6) Importer(815301076,1909f56bfc062723c751e8b465ee728b)  -> (artifact id: '980c4cdda5908a35bee9d4b554b3734e') in 0.020991 seconds
  Import took 0.032983 seconds .

========================================================================
Received Import Request.
  Time since last request: 13.783342 seconds.
  path: Assets/Scenes/MainScene.unity
  artifactKey: Guid(60fe8f94a88e47c46850448be07f5f03) Importer(815301076,1909f56bfc062723c751e8b465ee728b)
Start importing Assets/Scenes/MainScene.unity using Guid(60fe8f94a88e47c46850448be07f5f03) Importer(815301076,1909f56bfc062723c751e8b465ee728b)  -> (artifact id: '3b9f1c498785c931f7b0683929cb64c9') in 0.011832 seconds
  Import took 0.018266 seconds .

========================================================================
Received Import Request.
  Time since last request: 8.913089 seconds.
  path: Assets/Scenes/SampleScene.unity
  artifactKey: Guid(d1c3109bdb54ad54c8a2b2838528e640) Importer(815301076,1909f56bfc062723c751e8b465ee728b)
Start importing Assets/Scenes/SampleScene.unity using Guid(d1c3109bdb54ad54c8a2b2838528e640) Importer(815301076,1909f56bfc062723c751e8b465ee728b)  -> (artifact id: '3c0d36382bdc373bd0a05e5cf1e6e15c') in 0.018120 seconds
  Import took 0.028786 seconds .

========================================================================
Received Import Request.
  Time since last request: 67.074047 seconds.
  path: Assets/Scenes/SampleSceneLightingSettings.lighting
  artifactKey: Guid(477cc4148fad3449482a3bc3178594e2) Importer(815301076,1909f56bfc062723c751e8b465ee728b)
Start importing Assets/Scenes/SampleSceneLightingSettings.lighting using Guid(477cc4148fad3449482a3bc3178594e2) Importer(815301076,1909f56bfc062723c751e8b465ee728b)  -> (artifact id: '8536f971d5a3aa486b8ee60509c5e5d5') in 0.018690 seconds
  Import took 0.025557 seconds .

========================================================================
Received Import Request.
  Time since last request: 0.090371 seconds.
  path: Assets/Scenes/SampleSceneLightingSettings.lighting
  artifactKey: Guid(477cc4148fad3449482a3bc3178594e2) Importer(815301076,1909f56bfc062723c751e8b465ee728b)
Start importing Assets/Scenes/SampleSceneLightingSettings.lighting using Guid(477cc4148fad3449482a3bc3178594e2) Importer(815301076,1909f56bfc062723c751e8b465ee728b)  -> (artifact id: '8536f971d5a3aa486b8ee60509c5e5d5') in 0.009380 seconds
  Import took 0.031548 seconds .

========================================================================
Received Import Request.
  Time since last request: 1267.071022 seconds.
  path: Assets/Materials/Skybox_Mat.mat
  artifactKey: Guid(0ffaa0b7117ba8c47a9d05ae701d4b4d) Importer(815301076,1909f56bfc062723c751e8b465ee728b)
Start importing Assets/Materials/Skybox_Mat.mat using Guid(0ffaa0b7117ba8c47a9d05ae701d4b4d) Importer(815301076,1909f56bfc062723c751e8b465ee728b)  -> (artifact id: '4f9a9e0fc9f45c3be03cde846d2acd1d') in 0.398403 seconds
  Import took 0.405223 seconds .

========================================================================
Received Import Request.
  Time since last request: 2.733767 seconds.
  path: Assets/Materials
  artifactKey: Guid(d0234ba368eeec9418390da711bfdad0) Importer(815301076,1909f56bfc062723c751e8b465ee728b)
Start importing Assets/Materials using Guid(d0234ba368eeec9418390da711bfdad0) Importer(815301076,1909f56bfc062723c751e8b465ee728b)  -> (artifact id: 'af3059645bf3517e3864836cb7870e83') in 0.012688 seconds
  Import took 0.017936 seconds .

========================================================================
Received Import Request.
  Time since last request: 11.371427 seconds.
  path: Assets/Materials/NewSurfaceShader.shader
  artifactKey: Guid(7431e52c018c820479690099ee162aae) Importer(815301076,1909f56bfc062723c751e8b465ee728b)
Start importing Assets/Materials/NewSurfaceShader.shader using Guid(7431e52c018c820479690099ee162aae) Importer(815301076,1909f56bfc062723c751e8b465ee728b)  -> (artifact id: '917696887be59a55b9d182ae8e3a8c44') in 0.017994 seconds
  Import took 0.039069 seconds .

========================================================================
Received Import Request.
  Time since last request: 5.692200 seconds.
  path: Assets/Materials/NewSurfaceShader.shader
  artifactKey: Guid(7431e52c018c820479690099ee162aae) Importer(815301076,1909f56bfc062723c751e8b465ee728b)
Start importing Assets/Materials/NewSurfaceShader.shader using Guid(7431e52c018c820479690099ee162aae) Importer(815301076,1909f56bfc062723c751e8b465ee728b)  -> (artifact id: '917696887be59a55b9d182ae8e3a8c44') in 0.026052 seconds
  Import took 0.042156 seconds .

========================================================================
Received Import Request.
  Time since last request: 173.499011 seconds.
  path: Assets/Materials/Chessboard.mat
  artifactKey: Guid(dca14f7004fc63d4487bf61504833b21) Importer(815301076,1909f56bfc062723c751e8b465ee728b)
Start importing Assets/Materials/Chessboard.mat using Guid(dca14f7004fc63d4487bf61504833b21) Importer(815301076,1909f56bfc062723c751e8b465ee728b)  -> (artifact id: '1dc63b08ac02ffa3f3801048180a30a0') in 0.060156 seconds
  Import took 0.073062 seconds .

========================================================================
Received Import Request.
  Time since last request: 3.026278 seconds.
  path: Assets/Materials/Textures
  artifactKey: Guid(542e294718af39e408cb627797eba739) Importer(815301076,1909f56bfc062723c751e8b465ee728b)
Start importing Assets/Materials/Textures using Guid(542e294718af39e408cb627797eba739) Importer(815301076,1909f56bfc062723c751e8b465ee728b)  -> (artifact id: 'cabe709f02cb0b1fd092b4782bcdf565') in 0.013630 seconds
  Import took 0.039496 seconds .

========================================================================
Received Import Request.
  Time since last request: 1.702535 seconds.
  path: Assets/Materials/Textures/Board
  artifactKey: Guid(42a1ed57ec749b54d849e6abc56358fb) Importer(815301076,1909f56bfc062723c751e8b465ee728b)
Start importing Assets/Materials/Textures/Board using Guid(42a1ed57ec749b54d849e6abc56358fb) Importer(815301076,1909f56bfc062723c751e8b465ee728b)  -> (artifact id: '0cbe00acafb2aad6caf6f6bc02dbc6d4') in 0.016708 seconds
  Import took 0.043017 seconds .

========================================================================
Received Import Request.
  Time since last request: 0.032439 seconds.
  path: Assets/Materials/Textures/Board/Board_placeholder.jpg
  artifactKey: Guid(107742fd482c2bf42ae0285025646931) Importer(815301076,1909f56bfc062723c751e8b465ee728b)
Start importing Assets/Materials/Textures/Board/Board_placeholder.jpg using Guid(107742fd482c2bf42ae0285025646931) Importer(815301076,1909f56bfc062723c751e8b465ee728b)  -> (artifact id: 'd21dc0dded4c7325a626a536da2e684d') in 0.093727 seconds
  Import took 0.098086 seconds .

