Using pre-set license
Built from '2020.3/staging' branch; Version is '2020.3.0f1 (c7b5465681fb) revision 13088070'; Using compiler version '192528614'; Build Type 'Release'
OS: 'Windows 10 Education; OS build 19042.928; Version 2009; 64bit' Language: 'pl' Physical Memory: 8157 MB
BatchMode: 1, IsHumanControllingUs: 0, StartBugReporterOnCrash: 0, Is64bit: 1, IsPro: 0

 COMMAND LINE ARGUMENTS:
C:\Program Files\Unity\Hub\Editor\2020.3.0f1\Editor\Unity.exe
-adb2
-batchMode
-noUpm
-name
AssetImportWorker2
-projectPath
C:/Users/miszeleq/Desktop/git/ICK_Chess
-logFile
Logs/AssetImportWorker2.log
-srvPort
58328
Successfully changed project path to: C:/Users/miszeleq/Desktop/git/ICK_Chess
C:/Users/miszeleq/Desktop/git/ICK_Chess
Using Asset Import Pipeline V2.
Refreshing native plugins compatible for Editor in 546.57 ms, found 0 plugins.
Preloading 0 native plugins for Editor in 0.00 ms.
Initialize engine version: 2020.3.0f1 (c7b5465681fb)
[Subsystems] Discovering subsystems at path C:/Program Files/Unity/Hub/Editor/2020.3.0f1/Editor/Data/Resources/UnitySubsystems
[Subsystems] Discovering subsystems at path C:/Users/miszeleq/Desktop/git/ICK_Chess/Assets
GfxDevice: creating device client; threaded=0
Direct3D:
    Version:  Direct3D 11.0 [level 11.1]
    Renderer: NVIDIA GeForce GTX 1650 (ID=0x1f82)
    Vendor:   
    VRAM:     3962 MB
    Driver:   27.21.14.6109
Initialize mono
Mono path[0] = 'C:/Program Files/Unity/Hub/Editor/2020.3.0f1/Editor/Data/Managed'
Mono path[1] = 'C:/Program Files/Unity/Hub/Editor/2020.3.0f1/Editor/Data/MonoBleedingEdge/lib/mono/unityjit'
Mono config path = 'C:/Program Files/Unity/Hub/Editor/2020.3.0f1/Editor/Data/MonoBleedingEdge/etc'
Using monoOptions --debugger-agent=transport=dt_socket,embedding=1,server=y,suspend=n,address=127.0.0.1:56940
Begin MonoManager ReloadAssembly
Registering precompiled unity dll's ...
Register platform support module: C:/Program Files/Unity/Hub/Editor/2020.3.0f1/Editor/Data/PlaybackEngines/WindowsStandaloneSupport/UnityEditor.WindowsStandalone.Extensions.dll
Registered in 0.004812 seconds.
Native extension for WindowsStandalone target not found
Refreshing native plugins compatible for Editor in 80.06 ms, found 0 plugins.
Preloading 0 native plugins for Editor in 0.00 ms.
Invoked RoslynAnalysisRunner static constructor.
RoslynAnalysisRunner will not be running.
RoslynAnalysisRunner has terminated.
Mono: successfully reloaded assembly
- Completed reload, in  2.132 seconds
Platform modules already initialized, skipping
Registering precompiled user dll's ...
Registered in 0.001513 seconds.
Begin MonoManager ReloadAssembly
Native extension for WindowsStandalone target not found
Refreshing native plugins compatible for Editor in 73.01 ms, found 0 plugins.
Preloading 0 native plugins for Editor in 0.00 ms.
Invoked RoslynAnalysisRunner static constructor.
RoslynAnalysisRunner will not be running.
RoslynAnalysisRunner has terminated.
Mono: successfully reloaded assembly
- Completed reload, in  2.082 seconds
Platform modules already initialized, skipping
========================================================================
Worker process is ready to serve import requests
Shader 'Universal Render Pipeline/Particles/Lit': fallback shader 'Universal Render Pipeline/Particles/SimpleLit' not found
Shader 'Universal Render Pipeline/Particles/Lit': fallback shader 'Universal Render Pipeline/Particles/SimpleLit' not found
Launched and connected shader compiler UnityShaderCompiler.exe after 0.37 seconds
Refreshing native plugins compatible for Editor in 0.68 ms, found 0 plugins.
Preloading 0 native plugins for Editor in 0.00 ms.
Unloading 2418 Unused Serialized files (Serialized files now loaded: 0)
System memory in use before: 112.2 MB.
System memory in use after: 109.9 MB.

Unloading 45 unused Assets to reduce memory usage. Loaded Objects now: 2828.
Total: 6.720600 ms (FindLiveObjects: 1.060200 ms CreateObjectMapping: 0.357900 ms MarkObjects: 2.439500 ms  DeleteObjects: 2.859800 ms)

========================================================================
Received Import Request.
  path: Assets/Prefabs/Figure.prefab
  artifactKey: Guid(751f07bcad38bf44487d72a11c7e04c2) Importer(815301076,1909f56bfc062723c751e8b465ee728b)
Start importing Assets/Prefabs/Figure.prefab using Guid(751f07bcad38bf44487d72a11c7e04c2) Importer(815301076,1909f56bfc062723c751e8b465ee728b)  -> (artifact id: 'f6c8f64284fd034b3d38dfef3758d3a7') in 2.425158 seconds
  Import took 2.484515 seconds .

========================================================================
Received Import Request.
  Time since last request: 0.020503 seconds.
  path: Assets/Prefabs/Board.prefab
  artifactKey: Guid(4c74994a152127145b8986660f101525) Importer(815301076,1909f56bfc062723c751e8b465ee728b)
Start importing Assets/Prefabs/Board.prefab using Guid(4c74994a152127145b8986660f101525) Importer(815301076,1909f56bfc062723c751e8b465ee728b)  -> (artifact id: 'f6145efdf11ca58648acd2a23e1ace93') in 0.191047 seconds
  Import took 0.260044 seconds .

========================================================================
Received Import Request.
  Time since last request: 0.000336 seconds.
  path: Assets/Scenes/MarcelScene.unity
  artifactKey: Guid(86b683d9ae4864e4f83b80d642cab164) Importer(815301076,1909f56bfc062723c751e8b465ee728b)
Start importing Assets/Scenes/MarcelScene.unity using Guid(86b683d9ae4864e4f83b80d642cab164) Importer(815301076,1909f56bfc062723c751e8b465ee728b)  -> (artifact id: '52e7a3c12576c236e698bce4e9768029') in 0.012339 seconds
  Import took 0.099144 seconds .

========================================================================
Received Import Request.
  Time since last request: 111.157539 seconds.
  path: Assets/Scenes/MainScene.unity
  artifactKey: Guid(60fe8f94a88e47c46850448be07f5f03) Importer(815301076,1909f56bfc062723c751e8b465ee728b)
Start importing Assets/Scenes/MainScene.unity using Guid(60fe8f94a88e47c46850448be07f5f03) Importer(815301076,1909f56bfc062723c751e8b465ee728b)  -> (artifact id: 'a177f62acb7141ffac1d39f005d32bdb') in 0.015740 seconds
  Import took 0.081471 seconds .

========================================================================
Received Import Request.
  Time since last request: 2.617196 seconds.
  path: Assets/Scenes/MichalScene.unity
  artifactKey: Guid(9b5c6b12b1fceea46ad427a59ba73e1f) Importer(815301076,1909f56bfc062723c751e8b465ee728b)
Start importing Assets/Scenes/MichalScene.unity using Guid(9b5c6b12b1fceea46ad427a59ba73e1f) Importer(815301076,1909f56bfc062723c751e8b465ee728b)  -> (artifact id: '299fbcf990737ec3580e889400c99ab7') in 0.014032 seconds
  Import took 0.035236 seconds .

========================================================================
Received Import Request.
  Time since last request: 1.128572 seconds.
  path: Assets/Scenes/miszeleqScene.unity
  artifactKey: Guid(ba69af9295d0fe846b324d72e200537a) Importer(815301076,1909f56bfc062723c751e8b465ee728b)
Start importing Assets/Scenes/miszeleqScene.unity using Guid(ba69af9295d0fe846b324d72e200537a) Importer(815301076,1909f56bfc062723c751e8b465ee728b)  -> (artifact id: '5b1476788f19c5b599a1d5ff685a4edf') in 0.016470 seconds
  Import took 0.050411 seconds .

========================================================================
Received Import Request.
  Time since last request: 95.544555 seconds.
  path: Assets/Scripts/GameController.cs
  artifactKey: Guid(78bc25b5eac7d624ba4160255a9377f4) Importer(815301076,1909f56bfc062723c751e8b465ee728b)
Start importing Assets/Scripts/GameController.cs using Guid(78bc25b5eac7d624ba4160255a9377f4) Importer(815301076,1909f56bfc062723c751e8b465ee728b)  -> (artifact id: '61a6fa4978babd93f863b11d3e69b0e1') in 0.114322 seconds
  Import took 0.131174 seconds .

========================================================================
Received Prepare
Registering precompiled user dll's ...
Registered in 0.001586 seconds.
Begin MonoManager ReloadAssembly
Native extension for WindowsStandalone target not found
Refreshing native plugins compatible for Editor in 0.40 ms, found 0 plugins.
Preloading 0 native plugins for Editor in 0.00 ms.
Invoked RoslynAnalysisRunner static constructor.
RoslynAnalysisRunner will not be running.
RoslynAnalysisRunner has terminated.
Mono: successfully reloaded assembly
- Completed reload, in  1.208 seconds
Platform modules already initialized, skipping
Shader 'Universal Render Pipeline/Particles/Lit': fallback shader 'Universal Render Pipeline/Particles/SimpleLit' not found
Shader 'Universal Render Pipeline/Particles/Lit': fallback shader 'Universal Render Pipeline/Particles/SimpleLit' not found
Refreshing native plugins compatible for Editor in 1.22 ms, found 0 plugins.
Preloading 0 native plugins for Editor in 0.00 ms.
Unloading 2343 Unused Serialized files (Serialized files now loaded: 0)
System memory in use before: 114.4 MB.
System memory in use after: 112.2 MB.

Unloading 40 unused Assets to reduce memory usage. Loaded Objects now: 2878.
Total: 14.425500 ms (FindLiveObjects: 0.545100 ms CreateObjectMapping: 0.236400 ms MarkObjects: 10.627800 ms  DeleteObjects: 3.012700 ms)

========================================================================
Received Prepare
Registering precompiled user dll's ...
Registered in 0.001588 seconds.
Begin MonoManager ReloadAssembly
Native extension for WindowsStandalone target not found
Refreshing native plugins compatible for Editor in 0.66 ms, found 0 plugins.
Preloading 0 native plugins for Editor in 0.00 ms.
Invoked RoslynAnalysisRunner static constructor.
RoslynAnalysisRunner will not be running.
RoslynAnalysisRunner has terminated.
Mono: successfully reloaded assembly
- Completed reload, in  1.963 seconds
Platform modules already initialized, skipping
Shader 'Universal Render Pipeline/Particles/Lit': fallback shader 'Universal Render Pipeline/Particles/SimpleLit' not found
Shader 'Universal Render Pipeline/Particles/Lit': fallback shader 'Universal Render Pipeline/Particles/SimpleLit' not found
Refreshing native plugins compatible for Editor in 0.85 ms, found 0 plugins.
Preloading 0 native plugins for Editor in 0.00 ms.
Unloading 2343 Unused Serialized files (Serialized files now loaded: 0)
System memory in use before: 114.4 MB.
System memory in use after: 112.2 MB.

Unloading 40 unused Assets to reduce memory usage. Loaded Objects now: 2881.
Total: 8.523600 ms (FindLiveObjects: 0.652700 ms CreateObjectMapping: 0.325700 ms MarkObjects: 4.196800 ms  DeleteObjects: 3.345400 ms)

========================================================================
Received Prepare
Registering precompiled user dll's ...
Registered in 0.004383 seconds.
Begin MonoManager ReloadAssembly
Native extension for WindowsStandalone target not found
Refreshing native plugins compatible for Editor in 1.68 ms, found 0 plugins.
Preloading 0 native plugins for Editor in 0.00 ms.
Invoked RoslynAnalysisRunner static constructor.
RoslynAnalysisRunner will not be running.
RoslynAnalysisRunner has terminated.
Mono: successfully reloaded assembly
- Completed reload, in  7.916 seconds
Platform modules already initialized, skipping
Shader 'Universal Render Pipeline/Particles/Lit': fallback shader 'Universal Render Pipeline/Particles/SimpleLit' not found
Shader 'Universal Render Pipeline/Particles/Lit': fallback shader 'Universal Render Pipeline/Particles/SimpleLit' not found
Refreshing native plugins compatible for Editor in 3.32 ms, found 0 plugins.
Preloading 0 native plugins for Editor in 0.00 ms.
Unloading 2343 Unused Serialized files (Serialized files now loaded: 0)
System memory in use before: 114.5 MB.
System memory in use after: 112.3 MB.

Unloading 40 unused Assets to reduce memory usage. Loaded Objects now: 2884.
Total: 36.580200 ms (FindLiveObjects: 8.629200 ms CreateObjectMapping: 5.536800 ms MarkObjects: 18.444600 ms  DeleteObjects: 3.966200 ms)

========================================================================
Received Prepare
Registering precompiled user dll's ...
Registered in 0.001466 seconds.
Begin MonoManager ReloadAssembly
Native extension for WindowsStandalone target not found
Refreshing native plugins compatible for Editor in 0.45 ms, found 0 plugins.
Preloading 0 native plugins for Editor in 0.00 ms.
Invoked RoslynAnalysisRunner static constructor.
RoslynAnalysisRunner will not be running.
RoslynAnalysisRunner has terminated.
Mono: successfully reloaded assembly
- Completed reload, in  1.524 seconds
Platform modules already initialized, skipping
Shader 'Universal Render Pipeline/Particles/Lit': fallback shader 'Universal Render Pipeline/Particles/SimpleLit' not found
Shader 'Universal Render Pipeline/Particles/Lit': fallback shader 'Universal Render Pipeline/Particles/SimpleLit' not found
Refreshing native plugins compatible for Editor in 1.23 ms, found 0 plugins.
Preloading 0 native plugins for Editor in 0.00 ms.
Unloading 2343 Unused Serialized files (Serialized files now loaded: 0)
System memory in use before: 114.5 MB.
System memory in use after: 112.3 MB.

Unloading 40 unused Assets to reduce memory usage. Loaded Objects now: 2887.
Total: 6.313600 ms (FindLiveObjects: 0.754600 ms CreateObjectMapping: 0.279500 ms MarkObjects: 3.646300 ms  DeleteObjects: 1.631000 ms)

========================================================================
Received Import Request.
  Time since last request: 164.937267 seconds.
  path: Assets/Prefabs/Controller.prefab
  artifactKey: Guid(ae6c8f3add0d4a548b52630adbe1be51) Importer(815301076,1909f56bfc062723c751e8b465ee728b)
Start importing Assets/Prefabs/Controller.prefab using Guid(ae6c8f3add0d4a548b52630adbe1be51) Importer(815301076,1909f56bfc062723c751e8b465ee728b)  -> (artifact id: '31733c3c4a0e127b995dcef0d093bee6') in 0.045457 seconds
  Import took 0.072446 seconds .

========================================================================
Received Prepare
Registering precompiled user dll's ...
Registered in 0.001429 seconds.
Begin MonoManager ReloadAssembly
Native extension for WindowsStandalone target not found
Refreshing native plugins compatible for Editor in 0.58 ms, found 0 plugins.
Preloading 0 native plugins for Editor in 0.00 ms.
Invoked RoslynAnalysisRunner static constructor.
RoslynAnalysisRunner will not be running.
RoslynAnalysisRunner has terminated.
Mono: successfully reloaded assembly
- Completed reload, in  1.484 seconds
Platform modules already initialized, skipping
Shader 'Universal Render Pipeline/Particles/Lit': fallback shader 'Universal Render Pipeline/Particles/SimpleLit' not found
Shader 'Universal Render Pipeline/Particles/Lit': fallback shader 'Universal Render Pipeline/Particles/SimpleLit' not found
Refreshing native plugins compatible for Editor in 0.96 ms, found 0 plugins.
Preloading 0 native plugins for Editor in 0.00 ms.
Unloading 2343 Unused Serialized files (Serialized files now loaded: 0)
System memory in use before: 114.4 MB.
System memory in use after: 112.2 MB.

Unloading 40 unused Assets to reduce memory usage. Loaded Objects now: 2890.
Total: 10.473300 ms (FindLiveObjects: 0.845300 ms CreateObjectMapping: 0.298800 ms MarkObjects: 4.287200 ms  DeleteObjects: 5.039500 ms)

========================================================================
Received Import Request.
  Time since last request: 458.063096 seconds.
  path: Assets/Scenes/MarcelScene.unity
  artifactKey: Guid(86b683d9ae4864e4f83b80d642cab164) Importer(815301076,1909f56bfc062723c751e8b465ee728b)
Start importing Assets/Scenes/MarcelScene.unity using Guid(86b683d9ae4864e4f83b80d642cab164) Importer(815301076,1909f56bfc062723c751e8b465ee728b)  -> (artifact id: 'e9b654fd97bdb9c8b699589323a4eece') in 0.027183 seconds
  Import took 0.065004 seconds .

========================================================================
Received Import Request.
  Time since last request: 62.221259 seconds.
  path: Assets/Scenes/MichalScene.unity
  artifactKey: Guid(9b5c6b12b1fceea46ad427a59ba73e1f) Importer(815301076,1909f56bfc062723c751e8b465ee728b)
Start importing Assets/Scenes/MichalScene.unity using Guid(9b5c6b12b1fceea46ad427a59ba73e1f) Importer(815301076,1909f56bfc062723c751e8b465ee728b)  -> (artifact id: '937024edb84242c8809913e6146d08e7') in 0.010898 seconds
  Import took 0.046380 seconds .

========================================================================
Received Prepare
Registering precompiled user dll's ...
Registered in 0.002545 seconds.
Begin MonoManager ReloadAssembly
Native extension for WindowsStandalone target not found
Refreshing native plugins compatible for Editor in 0.61 ms, found 0 plugins.
Preloading 0 native plugins for Editor in 0.00 ms.
Invoked RoslynAnalysisRunner static constructor.
RoslynAnalysisRunner will not be running.
RoslynAnalysisRunner has terminated.
Mono: successfully reloaded assembly
- Completed reload, in  1.818 seconds
Platform modules already initialized, skipping
Shader 'Universal Render Pipeline/Particles/Lit': fallback shader 'Universal Render Pipeline/Particles/SimpleLit' not found
Shader 'Universal Render Pipeline/Particles/Lit': fallback shader 'Universal Render Pipeline/Particles/SimpleLit' not found
Refreshing native plugins compatible for Editor in 0.44 ms, found 0 plugins.
Preloading 0 native plugins for Editor in 0.00 ms.
Unloading 2343 Unused Serialized files (Serialized files now loaded: 0)
System memory in use before: 114.5 MB.
System memory in use after: 112.3 MB.

Unloading 40 unused Assets to reduce memory usage. Loaded Objects now: 2893.
Total: 5.744600 ms (FindLiveObjects: 0.535900 ms CreateObjectMapping: 0.468800 ms MarkObjects: 3.135000 ms  DeleteObjects: 1.602200 ms)

========================================================================
Received Import Request.
  Time since last request: 395.942429 seconds.
  path: Assets/Prefabs/Board.prefab
  artifactKey: Guid(4c74994a152127145b8986660f101525) Importer(815301076,1909f56bfc062723c751e8b465ee728b)
Start importing Assets/Prefabs/Board.prefab using Guid(4c74994a152127145b8986660f101525) Importer(815301076,1909f56bfc062723c751e8b465ee728b)  -> (artifact id: 'ead99f92af752b9fde017d1422afa83d') in 0.223961 seconds
  Import took 0.245637 seconds .

========================================================================
Received Import Request.
  Time since last request: 0.000204 seconds.
  path: Assets/Prefabs/Figure.prefab
  artifactKey: Guid(751f07bcad38bf44487d72a11c7e04c2) Importer(815301076,1909f56bfc062723c751e8b465ee728b)
Start importing Assets/Prefabs/Figure.prefab using Guid(751f07bcad38bf44487d72a11c7e04c2) Importer(815301076,1909f56bfc062723c751e8b465ee728b)  -> (artifact id: 'b1acb75f5d81329e5da6bee87ceea334') in 0.029566 seconds
  Import took 0.051867 seconds .

========================================================================
Received Import Request.
  Time since last request: 32981.234297 seconds.
  path: Assets/3D Models/bishop.fbx
  artifactKey: Guid(67c203fde9a1b8b47a0fe1b136bb5421) Importer(815301076,1909f56bfc062723c751e8b465ee728b)
Start importing Assets/3D Models/bishop.fbx using Guid(67c203fde9a1b8b47a0fe1b136bb5421) Importer(815301076,1909f56bfc062723c751e8b465ee728b)  -> (artifact id: 'f2f8f23285f5bf8e3befd60d5425b6a9') in 3.001593 seconds
  Import took 3.137050 seconds .

========================================================================
Received Import Request.
  Time since last request: 0.029159 seconds.
  path: Assets/3D Models/pawn.fbx
  artifactKey: Guid(bde5d0df15639a04dbebad6bc489c84f) Importer(815301076,1909f56bfc062723c751e8b465ee728b)
Start importing Assets/3D Models/pawn.fbx using Guid(bde5d0df15639a04dbebad6bc489c84f) Importer(815301076,1909f56bfc062723c751e8b465ee728b)  -> (artifact id: '5525486dd39d5b37ebf1c47bd6990ff3') in 0.185879 seconds
  Import took 0.262507 seconds .

========================================================================
Received Import Request.
  Time since last request: 0.000223 seconds.
  path: Assets/3D Models/queen.fbx
  artifactKey: Guid(bad42f894451e874c85ab759ace80ce4) Importer(815301076,1909f56bfc062723c751e8b465ee728b)
Start importing Assets/3D Models/queen.fbx using Guid(bad42f894451e874c85ab759ace80ce4) Importer(815301076,1909f56bfc062723c751e8b465ee728b)  -> (artifact id: '22c53c933b0d7e5e915218c69058a43d') in 0.286259 seconds
  Import took 0.319636 seconds .

========================================================================
Received Import Request.
  Time since last request: 0.000240 seconds.
  path: Assets/3D Models/rook.fbx
  artifactKey: Guid(3a344a64f34907f47b4131c71efa4a1b) Importer(815301076,1909f56bfc062723c751e8b465ee728b)
Start importing Assets/3D Models/rook.fbx using Guid(3a344a64f34907f47b4131c71efa4a1b) Importer(815301076,1909f56bfc062723c751e8b465ee728b)  -> (artifact id: 'eb5e8344ed0778b89f27b95978a0b846') in 0.051696 seconds
  Import took 0.102712 seconds .

========================================================================
Received Import Request.
  Time since last request: 0.000234 seconds.
  path: Assets/3D Models/kinght.fbx
  artifactKey: Guid(31ba53ff8be8e31438eb2944f5a23685) Importer(815301076,1909f56bfc062723c751e8b465ee728b)
Start importing Assets/3D Models/kinght.fbx using Guid(31ba53ff8be8e31438eb2944f5a23685) Importer(815301076,1909f56bfc062723c751e8b465ee728b)  -> (artifact id: '02deabb4aded57fcc9c9fa8555a80a7b') in 0.088895 seconds
  Import took 0.120972 seconds .

========================================================================
Received Prepare
Registering precompiled user dll's ...
Registered in 0.001403 seconds.
Begin MonoManager ReloadAssembly
Native extension for WindowsStandalone target not found
Refreshing native plugins compatible for Editor in 0.39 ms, found 0 plugins.
Preloading 0 native plugins for Editor in 0.00 ms.
Invoked RoslynAnalysisRunner static constructor.
RoslynAnalysisRunner will not be running.
RoslynAnalysisRunner has terminated.
Mono: successfully reloaded assembly
- Completed reload, in  1.901 seconds
Platform modules already initialized, skipping
Shader 'Universal Render Pipeline/Particles/Lit': fallback shader 'Universal Render Pipeline/Particles/SimpleLit' not found
Shader 'Universal Render Pipeline/Particles/Lit': fallback shader 'Universal Render Pipeline/Particles/SimpleLit' not found
Refreshing native plugins compatible for Editor in 0.40 ms, found 0 plugins.
Preloading 0 native plugins for Editor in 0.00 ms.
Unloading 2343 Unused Serialized files (Serialized files now loaded: 0)
System memory in use before: 115.1 MB.
System memory in use after: 112.9 MB.

Unloading 40 unused Assets to reduce memory usage. Loaded Objects now: 2968.
Total: 37.536300 ms (FindLiveObjects: 0.535600 ms CreateObjectMapping: 0.217700 ms MarkObjects: 35.337700 ms  DeleteObjects: 1.443400 ms)

========================================================================
Received Import Request.
  Time since last request: 361.238020 seconds.
  path: Assets/Prefabs/knight.prefab
  artifactKey: Guid(c20d63c1e6b65984c8753cfd3fd7e193) Importer(815301076,1909f56bfc062723c751e8b465ee728b)
Start importing Assets/Prefabs/knight.prefab using Guid(c20d63c1e6b65984c8753cfd3fd7e193) Importer(815301076,1909f56bfc062723c751e8b465ee728b)  -> (artifact id: '84e92cccd0e68e34d44e55759980eb5d') in 0.378060 seconds
  Import took 0.417547 seconds .

========================================================================
Received Prepare
Registering precompiled user dll's ...
Registered in 0.002215 seconds.
Begin MonoManager ReloadAssembly
Native extension for WindowsStandalone target not found
Refreshing native plugins compatible for Editor in 0.45 ms, found 0 plugins.
Preloading 0 native plugins for Editor in 0.00 ms.
Invoked RoslynAnalysisRunner static constructor.
RoslynAnalysisRunner will not be running.
RoslynAnalysisRunner has terminated.
Mono: successfully reloaded assembly
- Completed reload, in  1.249 seconds
Platform modules already initialized, skipping
Shader 'Universal Render Pipeline/Particles/Lit': fallback shader 'Universal Render Pipeline/Particles/SimpleLit' not found
Shader 'Universal Render Pipeline/Particles/Lit': fallback shader 'Universal Render Pipeline/Particles/SimpleLit' not found
Refreshing native plugins compatible for Editor in 0.45 ms, found 0 plugins.
Preloading 0 native plugins for Editor in 0.00 ms.
Unloading 2343 Unused Serialized files (Serialized files now loaded: 0)
System memory in use before: 115.2 MB.
System memory in use after: 113.0 MB.

Unloading 40 unused Assets to reduce memory usage. Loaded Objects now: 3007.
Total: 3.747500 ms (FindLiveObjects: 0.357600 ms CreateObjectMapping: 0.119700 ms MarkObjects: 1.833200 ms  DeleteObjects: 1.435400 ms)

========================================================================
Received Import Request.
  Time since last request: 61.583871 seconds.
  path: Assets/Prefabs/rook Variant.prefab
  artifactKey: Guid(e54eed662e9e8344a895dfcf4bf18482) Importer(815301076,1909f56bfc062723c751e8b465ee728b)
Start importing Assets/Prefabs/rook Variant.prefab using Guid(e54eed662e9e8344a895dfcf4bf18482) Importer(815301076,1909f56bfc062723c751e8b465ee728b)  -> (artifact id: '55ffa6b055bbceecff619e96b5a678e9') in 0.230947 seconds
  Import took 0.269651 seconds .

========================================================================
Received Import Request.
  Time since last request: 174.633368 seconds.
  path: Assets/3D Models/pawn Variant.prefab
  artifactKey: Guid(458a99ab0c0528346b9ebf2ea9ff23b0) Importer(815301076,1909f56bfc062723c751e8b465ee728b)
Start importing Assets/3D Models/pawn Variant.prefab using Guid(458a99ab0c0528346b9ebf2ea9ff23b0) Importer(815301076,1909f56bfc062723c751e8b465ee728b)  -> (artifact id: '1f8234b267d05a57b79ec65db04c770c') in 0.086665 seconds
  Import took 0.127792 seconds .

========================================================================
Received Import Request.
  Time since last request: 9.207288 seconds.
  path: Assets/3D Models/king.fbx
  artifactKey: Guid(0c7496de7e85f1449b28a4d824ce5101) Importer(815301076,1909f56bfc062723c751e8b465ee728b)
Start importing Assets/3D Models/king.fbx using Guid(0c7496de7e85f1449b28a4d824ce5101) Importer(815301076,1909f56bfc062723c751e8b465ee728b)  -> (artifact id: '8a199c0168c08b9573811535c8970b4a') in 0.129523 seconds
  Import took 0.175053 seconds .

========================================================================
Received Import Request.
  Time since last request: 7.945418 seconds.
  path: Assets/Prefabs/pawn.prefab
  artifactKey: Guid(e507d8c903945ad49932215a34484da9) Importer(815301076,1909f56bfc062723c751e8b465ee728b)
Start importing Assets/Prefabs/pawn.prefab using Guid(e507d8c903945ad49932215a34484da9) Importer(815301076,1909f56bfc062723c751e8b465ee728b)  -> (artifact id: '51d2db903bb3efa0554a09aefe82462c') in 0.034513 seconds
  Import took 0.084783 seconds .

========================================================================
Received Import Request.
  Time since last request: 47.593987 seconds.
  path: Assets/Prefabs/pawn Variant.prefab
  artifactKey: Guid(8547eeb6ae8174d4395c05c0377e94cc) Importer(815301076,1909f56bfc062723c751e8b465ee728b)
Start importing Assets/Prefabs/pawn Variant.prefab using Guid(8547eeb6ae8174d4395c05c0377e94cc) Importer(815301076,1909f56bfc062723c751e8b465ee728b)  -> (artifact id: '2f026b2fb9e5467bd810e46f357be39e') in 0.085132 seconds
  Import took 0.141159 seconds .

========================================================================
Received Import Request.
  Time since last request: 6.097457 seconds.
  path: Assets/Prefabs/pawn.prefab
  artifactKey: Guid(8547eeb6ae8174d4395c05c0377e94cc) Importer(815301076,1909f56bfc062723c751e8b465ee728b)
Start importing Assets/Prefabs/pawn.prefab using Guid(8547eeb6ae8174d4395c05c0377e94cc) Importer(815301076,1909f56bfc062723c751e8b465ee728b)  -> (artifact id: '6b27b3996a30a4e1b35aa605e1a7f232') in 0.051973 seconds
  Import took 0.086021 seconds .

========================================================================
Received Import Request.
  Time since last request: 4.250619 seconds.
  path: Assets/Prefabs/rook.prefab
  artifactKey: Guid(e54eed662e9e8344a895dfcf4bf18482) Importer(815301076,1909f56bfc062723c751e8b465ee728b)
Start importing Assets/Prefabs/rook.prefab using Guid(e54eed662e9e8344a895dfcf4bf18482) Importer(815301076,1909f56bfc062723c751e8b465ee728b)  -> (artifact id: '65fe9acf437f0e8f8ddb417ac8361899') in 0.024562 seconds
  Import took 0.045436 seconds .

========================================================================
Received Import Request.
  Time since last request: 0.002304 seconds.
  path: Assets/Prefabs/rook.prefab
  artifactKey: Guid(e54eed662e9e8344a895dfcf4bf18482) Importer(815301076,1909f56bfc062723c751e8b465ee728b)
Start importing Assets/Prefabs/rook.prefab using Guid(e54eed662e9e8344a895dfcf4bf18482) Importer(815301076,1909f56bfc062723c751e8b465ee728b)  -> (artifact id: '65fe9acf437f0e8f8ddb417ac8361899') in 0.027818 seconds
  Import took 0.033184 seconds .

========================================================================
Received Import Request.
  Time since last request: 54.121292 seconds.
  path: Assets/Prefabs/pawn.prefab
  artifactKey: Guid(8547eeb6ae8174d4395c05c0377e94cc) Importer(815301076,1909f56bfc062723c751e8b465ee728b)
Start importing Assets/Prefabs/pawn.prefab using Guid(8547eeb6ae8174d4395c05c0377e94cc) Importer(815301076,1909f56bfc062723c751e8b465ee728b)  -> (artifact id: 'dec7768e706e64d580cf29fa949de92e') in 0.050737 seconds
  Import took 0.112689 seconds .

========================================================================
Received Prepare
Registering precompiled user dll's ...
Registered in 0.002328 seconds.
Begin MonoManager ReloadAssembly
Native extension for WindowsStandalone target not found
Refreshing native plugins compatible for Editor in 0.43 ms, found 0 plugins.
Preloading 0 native plugins for Editor in 0.00 ms.
Invoked RoslynAnalysisRunner static constructor.
RoslynAnalysisRunner will not be running.
RoslynAnalysisRunner has terminated.
Mono: successfully reloaded assembly
- Completed reload, in  1.243 seconds
Platform modules already initialized, skipping
Shader 'Universal Render Pipeline/Particles/Lit': fallback shader 'Universal Render Pipeline/Particles/SimpleLit' not found
Shader 'Universal Render Pipeline/Particles/Lit': fallback shader 'Universal Render Pipeline/Particles/SimpleLit' not found
Refreshing native plugins compatible for Editor in 0.42 ms, found 0 plugins.
Preloading 0 native plugins for Editor in 0.00 ms.
Unloading 2343 Unused Serialized files (Serialized files now loaded: 0)
System memory in use before: 115.4 MB.
System memory in use after: 113.2 MB.

Unloading 40 unused Assets to reduce memory usage. Loaded Objects now: 3046.
Total: 3.935300 ms (FindLiveObjects: 0.257700 ms CreateObjectMapping: 0.106200 ms MarkObjects: 1.813900 ms  DeleteObjects: 1.755900 ms)

========================================================================
Received Import Request.
  Time since last request: 135.585650 seconds.
  path: Assets/Prefabs/bishop Variant.prefab
  artifactKey: Guid(ac47a824414e3494493e4e5c65923fd6) Importer(815301076,1909f56bfc062723c751e8b465ee728b)
Start importing Assets/Prefabs/bishop Variant.prefab using Guid(ac47a824414e3494493e4e5c65923fd6) Importer(815301076,1909f56bfc062723c751e8b465ee728b)  -> (artifact id: '1455c6f664feaeb897424f4cc09ff459') in 0.184380 seconds
  Import took 0.211796 seconds .

========================================================================
Received Import Request.
  Time since last request: 4.270231 seconds.
  path: Assets/Prefabs/bishop.prefab
  artifactKey: Guid(ac47a824414e3494493e4e5c65923fd6) Importer(815301076,1909f56bfc062723c751e8b465ee728b)
Start importing Assets/Prefabs/bishop.prefab using Guid(ac47a824414e3494493e4e5c65923fd6) Importer(815301076,1909f56bfc062723c751e8b465ee728b)  -> (artifact id: '90938539d0c8e0457bbdf27efde64c0b') in 0.022319 seconds
  Import took 0.047843 seconds .

========================================================================
Received Import Request.
  Time since last request: 78.745591 seconds.
  path: Assets/Prefabs/knight.prefab
  artifactKey: Guid(c20d63c1e6b65984c8753cfd3fd7e193) Importer(815301076,1909f56bfc062723c751e8b465ee728b)
Start importing Assets/Prefabs/knight.prefab using Guid(c20d63c1e6b65984c8753cfd3fd7e193) Importer(815301076,1909f56bfc062723c751e8b465ee728b)  -> (artifact id: 'b6f642d547b97742d78e4272e4beb199') in 0.044902 seconds
  Import took 0.081521 seconds .

========================================================================
Received Import Request.
  Time since last request: 17.631039 seconds.
  path: Assets/Prefabs/king Variant.prefab
  artifactKey: Guid(ef63b35f3fbe38a4da90776484a781e1) Importer(815301076,1909f56bfc062723c751e8b465ee728b)
Start importing Assets/Prefabs/king Variant.prefab using Guid(ef63b35f3fbe38a4da90776484a781e1) Importer(815301076,1909f56bfc062723c751e8b465ee728b)  -> (artifact id: '565ac8b59d993bb89284d8029e823662') in 0.073259 seconds
  Import took 0.081075 seconds .

========================================================================
Received Import Request.
  Time since last request: 6.301703 seconds.
  path: Assets/Prefabs/king.prefab
  artifactKey: Guid(ef63b35f3fbe38a4da90776484a781e1) Importer(815301076,1909f56bfc062723c751e8b465ee728b)
Start importing Assets/Prefabs/king.prefab using Guid(ef63b35f3fbe38a4da90776484a781e1) Importer(815301076,1909f56bfc062723c751e8b465ee728b)  -> (artifact id: 'b676e7d1dadeb0e41bc3ec3ed42013b1') in 0.056997 seconds
  Import took 0.062444 seconds .

========================================================================
Received Import Request.
  Time since last request: 90.450117 seconds.
  path: Assets/Prefabs/queen Variant.prefab
  artifactKey: Guid(e02eb281188db3a4baa3b5ab9533257a) Importer(815301076,1909f56bfc062723c751e8b465ee728b)
Start importing Assets/Prefabs/queen Variant.prefab using Guid(e02eb281188db3a4baa3b5ab9533257a) Importer(815301076,1909f56bfc062723c751e8b465ee728b)  -> (artifact id: '38b2563115106d2ff1b26950650074b9') in 0.082371 seconds
  Import took 0.118224 seconds .

========================================================================
Received Import Request.
  Time since last request: 5.316975 seconds.
  path: Assets/Prefabs/queen.prefab
  artifactKey: Guid(e02eb281188db3a4baa3b5ab9533257a) Importer(815301076,1909f56bfc062723c751e8b465ee728b)
Start importing Assets/Prefabs/queen.prefab using Guid(e02eb281188db3a4baa3b5ab9533257a) Importer(815301076,1909f56bfc062723c751e8b465ee728b)  -> (artifact id: '7d999d686f10143bd0efb9b1601f0530') in 0.038513 seconds
  Import took 0.054759 seconds .

========================================================================
Received Prepare
Registering precompiled user dll's ...
Registered in 0.001891 seconds.
Begin MonoManager ReloadAssembly
Native extension for WindowsStandalone target not found
Refreshing native plugins compatible for Editor in 0.40 ms, found 0 plugins.
Preloading 0 native plugins for Editor in 0.00 ms.
Invoked RoslynAnalysisRunner static constructor.
RoslynAnalysisRunner will not be running.
RoslynAnalysisRunner has terminated.
Mono: successfully reloaded assembly
- Completed reload, in  1.210 seconds
Platform modules already initialized, skipping
Shader 'Universal Render Pipeline/Particles/Lit': fallback shader 'Universal Render Pipeline/Particles/SimpleLit' not found
Shader 'Universal Render Pipeline/Particles/Lit': fallback shader 'Universal Render Pipeline/Particles/SimpleLit' not found
Refreshing native plugins compatible for Editor in 0.71 ms, found 0 plugins.
Preloading 0 native plugins for Editor in 0.00 ms.
Unloading 2343 Unused Serialized files (Serialized files now loaded: 0)
System memory in use before: 115.4 MB.
System memory in use after: 113.2 MB.

Unloading 40 unused Assets to reduce memory usage. Loaded Objects now: 3085.
Total: 3.965800 ms (FindLiveObjects: 0.265600 ms CreateObjectMapping: 0.107000 ms MarkObjects: 2.107700 ms  DeleteObjects: 1.484100 ms)

